<?xml version="1.0" encoding="UTF-8"?>
<!-- Generated by org.testng.reporters.JUnitReportReporter -->
<testsuite hostname="HP" name="cmdmavenproject.TestGoogleTitle" tests="1" failures="0" timestamp="12 Jul 2019 08:06:47 GMT" time="27.463" errors="0">
  <testcase name="testTitle" time="27.463" classname="cmdmavenproject.TestGoogleTitle"/>
</testsuite> <!-- cmdmavenproject.TestGoogleTitle -->
