<?xml version="1.0" encoding="UTF-8"?>
<!-- Generated by org.testng.reporters.JUnitReportReporter -->
<testsuite hostname="HP" name="cmdmavenproject.Test" tests="2" failures="0" timestamp="12 Jul 2019 07:45:18 GMT" time="0.025" errors="0">
  <testcase name="testTitle2" time="0.008" classname="cmdmavenproject.Test"/>
  <testcase name="testTitle1" time="0.017" classname="cmdmavenproject.Test"/>
</testsuite> <!-- cmdmavenproject.Test -->
