<?xml version="1.0" encoding="UTF-8"?>
<!-- Generated by org.testng.reporters.JUnitReportReporter -->
<testsuite hostname="HP" name="cmdmavenproject.Test" tests="2" failures="0" timestamp="12 Jul 2019 07:52:46 GMT" time="0.017" errors="0">
  <testcase name="testTitle1" time="0.011" classname="cmdmavenproject.Test"/>
  <testcase name="testTitle2" time="0.006" classname="cmdmavenproject.Test"/>
</testsuite> <!-- cmdmavenproject.Test -->
