<?xml version="1.0" encoding="UTF-8"?>
<!-- Generated by org.testng.reporters.JUnitReportReporter -->
<testsuite hostname="HP" name="cmdmavenproject.Test" tests="2" failures="0" timestamp="16 Jul 2019 02:17:32 GMT" time="0.025" errors="0">
  <testcase name="testTitle1" time="0.013" classname="cmdmavenproject.Test"/>
  <testcase name="testTitle2" time="0.012" classname="cmdmavenproject.Test"/>
</testsuite> <!-- cmdmavenproject.Test -->
