<?xml version="1.0" encoding="UTF-8"?>
<!-- Generated by org.testng.reporters.JUnitReportReporter -->
<testsuite hostname="HP" name="cmdmavenproject.TestGoogleTitle" tests="1" failures="0" timestamp="12 Jul 2019 07:52:46 GMT" time="34.310" errors="0">
  <testcase name="testTitle" time="34.310" classname="cmdmavenproject.TestGoogleTitle"/>
</testsuite> <!-- cmdmavenproject.TestGoogleTitle -->
