<?xml version="1.0" encoding="UTF-8"?>
<!-- Generated by org.testng.reporters.JUnitReportReporter -->
<testsuite hostname="HP" name="cmdmavenproject.TestGoogleTitle" tests="1" failures="0" timestamp="16 Jul 2019 02:17:32 GMT" time="35.460" errors="0">
  <testcase name="testTitle" time="35.460" classname="cmdmavenproject.TestGoogleTitle"/>
</testsuite> <!-- cmdmavenproject.TestGoogleTitle -->
